# JRE version: Java(TM) SE Runtime Environment (8.0_66-b17) (build 1.8.0_66-b17)
# Java VM: Java HotSpot(TM) 64-Bit Server VM (25.66-b17 mixed mode linux-amd64 compressed oops)
Heap:
 PSYoungGen      total 231936K, used 20265K [0x00000000eab00000, 0x0000000100000000, 0x0000000100000000)
  eden space 116736K, 0% used [0x00000000eab00000,0x00000000eab00000,0x00000000f1d00000)
  from space 115200K, 17% used [0x00000000f8f80000,0x00000000fa34a7c0,0x0000000100000000)
  to   space 116224K, 0% used [0x00000000f1d00000,0x00000000f1d00000,0x00000000f8e80000)
 ParOldGen       total 235008K, used 234900K [0x00000000c0000000, 0x00000000ce580000, 0x00000000eab00000)
  object space 235008K, 99% used [0x00000000c0000000,0x00000000ce5652a0,0x00000000ce580000)
 Metaspace       used 6896K, capacity 7608K, committed 7936K, reserved 1056768K
  class space    used 633K, capacity 688K, committed 768K, reserved 1048576K
GC Heap History (10 events):
Event: 10,112 GC heap after
Heap after GC invocations=17 (full 3):
 PSYoungGen      total 239104K, used 46851K [0x00000000eab00000, 0x0000000100000000, 0x0000000100000000)
  eden space 167936K, 0% used [0x00000000eab00000,0x00000000eab00000,0x00000000f4f00000)
  from space 71168K, 65% used [0x00000000fba80000,0x00000000fe840c00,0x0000000100000000)
  to   space 90624K, 0% used [0x00000000f4f00000,0x00000000f4f00000,0x00000000fa780000)
 ParOldGen       total 235008K, used 174478K [0x00000000c0000000, 0x00000000ce580000, 0x00000000eab00000)
  object space 235008K, 74% used [0x00000000c0000000,0x00000000caa63960,0x00000000ce580000)
 Metaspace       used 6535K, capacity 7320K, committed 7680K, reserved 1056768K
  class space    used 614K, capacity 656K, committed 768K, reserved 1048576K
}
Event: 10,668 GC heap before
{Heap before GC invocations=18 (full 3):
 PSYoungGen      total 239104K, used 214787K [0x00000000eab00000, 0x0000000100000000, 0x0000000100000000)
  eden space 167936K, 100% used [0x00000000eab00000,0x00000000f4f00000,0x00000000f4f00000)
  from space 71168K, 65% used [0x00000000fba80000,0x00000000fe840c00,0x0000000100000000)
  to   space 90624K, 0% used [0x00000000f4f00000,0x00000000f4f00000,0x00000000fa780000)
 ParOldGen       total 235008K, used 174478K [0x00000000c0000000, 0x00000000ce580000, 0x00000000eab00000)
  object space 235008K, 74% used [0x00000000c0000000,0x00000000caa63960,0x00000000ce580000)
 Metaspace       used 6551K, capacity 7320K, committed 7680K, reserved 1056768K
  class space    used 614K, capacity 656K, committed 768K, reserved 1048576K
Event: 10,756 GC heap after
Heap after GC invocations=18 (full 3):
 PSYoungGen      total 239104K, used 70782K [0x00000000eab00000, 0x0000000100000000, 0x0000000100000000)
  eden space 167936K, 0% used [0x00000000eab00000,0x00000000eab00000,0x00000000f4f00000)
  from space 71168K, 99% used [0x00000000f4f00000,0x00000000f941fae8,0x00000000f9480000)
  to   space 98816K, 0% used [0x00000000f9f80000,0x00000000f9f80000,0x0000000100000000)
 ParOldGen       total 235008K, used 174478K [0x00000000c0000000, 0x00000000ce580000, 0x00000000eab00000)
  object space 235008K, 74% used [0x00000000c0000000,0x00000000caa63960,0x00000000ce580000)
 Metaspace       used 6551K, capacity 7320K, committed 7680K, reserved 1056768K
  class space    used 614K, capacity 656K, committed 768K, reserved 1048576K
}
Event: 11,412 GC heap before
{Heap before GC invocations=19 (full 3):
 PSYoungGen      total 239104K, used 238718K [0x00000000eab00000, 0x0000000100000000, 0x0000000100000000)
  eden space 167936K, 100% used [0x00000000eab00000,0x00000000f4f00000,0x00000000f4f00000)
  from space 71168K, 99% used [0x00000000f4f00000,0x00000000f941fae8,0x00000000f9480000)
  to   space 98816K, 0% used [0x00000000f9f80000,0x00000000f9f80000,0x0000000100000000)
 ParOldGen       total 235008K, used 174478K [0x00000000c0000000, 0x00000000ce580000, 0x00000000eab00000)
  object space 235008K, 74% used [0x00000000c0000000,0x00000000caa63960,0x00000000ce580000)
 Metaspace       used 6552K, capacity 7320K, committed 7680K, reserved 1056768K
  class space    used 614K, capacity 656K, committed 768K, reserved 1048576K
Event: 11,517 GC heap after
Heap after GC invocations=19 (full 3):
 PSYoungGen      total 218624K, used 96743K [0x00000000eab00000, 0x0000000100000000, 0x0000000100000000)
  eden space 119808K, 0% used [0x00000000eab00000,0x00000000eab00000,0x00000000f2000000)
  from space 98816K, 97% used [0x00000000f9f80000,0x00000000ffdf9fa8,0x0000000100000000)
  to   space 114688K, 0% used [0x00000000f2000000,0x00000000f2000000,0x00000000f9000000)
 ParOldGen       total 235008K, used 174478K [0x00000000c0000000, 0x00000000ce580000, 0x00000000eab00000)
  object space 235008K, 74% used [0x00000000c0000000,0x00000000caa63960,0x00000000ce580000)
 Metaspace       used 6552K, capacity 7320K, committed 7680K, reserved 1056768K
  class space    used 614K, capacity 656K, committed 768K, reserved 1048576K
}
Event: 11,963 GC heap before
{Heap before GC invocations=20 (full 3):
 PSYoungGen      total 218624K, used 216551K [0x00000000eab00000, 0x0000000100000000, 0x0000000100000000)
  eden space 119808K, 100% used [0x00000000eab00000,0x00000000f2000000,0x00000000f2000000)
  from space 98816K, 97% used [0x00000000f9f80000,0x00000000ffdf9fa8,0x0000000100000000)
  to   space 114688K, 0% used [0x00000000f2000000,0x00000000f2000000,0x00000000f9000000)
 ParOldGen       total 235008K, used 174478K [0x00000000c0000000, 0x00000000ce580000, 0x00000000eab00000)
  object space 235008K, 74% used [0x00000000c0000000,0x00000000caa63960,0x00000000ce580000)
 Metaspace       used 6555K, capacity 7320K, committed 7680K, reserved 1056768K
  class space    used 614K, capacity 656K, committed 768K, reserved 1048576K
Event: 12,133 GC heap after
Heap after GC invocations=20 (full 3):
 PSYoungGen      total 233984K, used 113899K [0x00000000eab00000, 0x0000000100000000, 0x0000000100000000)
  eden space 119808K, 0% used [0x00000000eab00000,0x00000000eab00000,0x00000000f2000000)
  from space 114176K, 99% used [0x00000000f2000000,0x00000000f8f3ad08,0x00000000f8f80000)
  to   space 115200K, 0% used [0x00000000f8f80000,0x00000000f8f80000,0x0000000100000000)
 ParOldGen       total 235008K, used 174478K [0x00000000c0000000, 0x00000000ce580000, 0x00000000eab00000)
  object space 235008K, 74% used [0x00000000c0000000,0x00000000caa63960,0x00000000ce580000)
 Metaspace       used 6555K, capacity 7320K, committed 7680K, reserved 1056768K
  class space    used 614K, capacity 656K, committed 768K, reserved 1048576K
}
Event: 14,015 GC heap before
{Heap before GC invocations=21 (full 3):
 PSYoungGen      total 233984K, used 233707K [0x00000000eab00000, 0x0000000100000000, 0x0000000100000000)
  eden space 119808K, 100% used [0x00000000eab00000,0x00000000f2000000,0x00000000f2000000)
  from space 114176K, 99% used [0x00000000f2000000,0x00000000f8f3ad08,0x00000000f8f80000)
  to   space 115200K, 0% used [0x00000000f8f80000,0x00000000f8f80000,0x0000000100000000)
 ParOldGen       total 235008K, used 174478K [0x00000000c0000000, 0x00000000ce580000, 0x00000000eab00000)
  object space 235008K, 74% used [0x00000000c0000000,0x00000000caa63960,0x00000000ce580000)
 Metaspace       used 6896K, capacity 7608K, committed 7936K, reserved 1056768K
  class space    used 633K, capacity 688K, committed 768K, reserved 1048576K
Event: 14,287 GC heap after
Heap after GC invocations=21 (full 3):
 PSYoungGen      total 231936K, used 91585K [0x00000000eab00000, 0x0000000100000000, 0x0000000100000000)
  eden space 116736K, 0% used [0x00000000eab00000,0x00000000eab00000,0x00000000f1d00000)
  from space 115200K, 79% used [0x00000000f8f80000,0x00000000fe8f0410,0x0000000100000000)
  to   space 116224K, 0% used [0x00000000f1d00000,0x00000000f1d00000,0x00000000f8e80000)
 ParOldGen       total 235008K, used 219832K [0x00000000c0000000, 0x00000000ce580000, 0x00000000eab00000)
  object space 235008K, 93% used [0x00000000c0000000,0x00000000cd6ae230,0x00000000ce580000)
 Metaspace       used 6896K, capacity 7608K, committed 7936K, reserved 1056768K
  class space    used 633K, capacity 688K, committed 768K, reserved 1048576K
}
Event: 14,287 GC heap before
{Heap before GC invocations=22 (full 4):
 PSYoungGen      total 231936K, used 91585K [0x00000000eab00000, 0x0000000100000000, 0x0000000100000000)
  eden space 116736K, 0% used [0x00000000eab00000,0x00000000eab00000,0x00000000f1d00000)
  from space 115200K, 79% used [0x00000000f8f80000,0x00000000fe8f0410,0x0000000100000000)
  to   space 116224K, 0% used [0x00000000f1d00000,0x00000000f1d00000,0x00000000f8e80000)
 ParOldGen       total 235008K, used 219832K [0x00000000c0000000, 0x00000000ce580000, 0x00000000eab00000)
  object space 235008K, 93% used [0x00000000c0000000,0x00000000cd6ae230,0x00000000ce580000)
 Metaspace       used 6896K, capacity 7608K, committed 7936K, reserved 1056768K
  class space    used 633K, capacity 688K, committed 768K, reserved 1048576K

