# JRE version: Java(TM) SE Runtime Environment (8.0_66-b17) (build 1.8.0_66-b17)
# Java VM: Java HotSpot(TM) 64-Bit Server VM (25.66-b17 mixed mode linux-amd64 compressed oops)
Heap:
 PSYoungGen      total 269824K, used 0K [0x00000000eab00000, 0x0000000100000000, 0x0000000100000000)
  eden space 190464K, 0% used [0x00000000eab00000,0x00000000eab00000,0x00000000f6500000)
  from space 79360K, 0% used [0x00000000f6500000,0x00000000f6500000,0x00000000fb280000)
  to   space 74240K, 0% used [0x00000000fb780000,0x00000000fb780000,0x0000000100000000)
 ParOldGen       total 198144K, used 191547K [0x00000000c0000000, 0x00000000cc180000, 0x00000000eab00000)
  object space 198144K, 96% used [0x00000000c0000000,0x00000000cbb0ec98,0x00000000cc180000)
 Metaspace       used 6532K, capacity 7320K, committed 7680K, reserved 1056768K
  class space    used 614K, capacity 656K, committed 768K, reserved 1048576K
GC Heap History (10 events):
Event: 27,014 GC heap after
Heap after GC invocations=12 (full 2):
 PSYoungGen      total 257536K, used 28048K [0x00000000eab00000, 0x0000000100000000, 0x0000000100000000)
  eden space 221696K, 0% used [0x00000000eab00000,0x00000000eab00000,0x00000000f8380000)
  from space 35840K, 78% used [0x00000000fb600000,0x00000000fd164278,0x00000000fd900000)
  to   space 51712K, 0% used [0x00000000f8380000,0x00000000f8380000,0x00000000fb600000)
 ParOldGen       total 132096K, used 77855K [0x00000000c0000000, 0x00000000c8100000, 0x00000000eab00000)
  object space 132096K, 58% used [0x00000000c0000000,0x00000000c4c07f80,0x00000000c8100000)
 Metaspace       used 6504K, capacity 7256K, committed 7424K, reserved 1056768K
  class space    used 614K, capacity 656K, committed 768K, reserved 1048576K
}
Event: 28,069 GC heap before
{Heap before GC invocations=13 (full 2):
 PSYoungGen      total 257536K, used 249744K [0x00000000eab00000, 0x0000000100000000, 0x0000000100000000)
  eden space 221696K, 100% used [0x00000000eab00000,0x00000000f8380000,0x00000000f8380000)
  from space 35840K, 78% used [0x00000000fb600000,0x00000000fd164278,0x00000000fd900000)
  to   space 51712K, 0% used [0x00000000f8380000,0x00000000f8380000,0x00000000fb600000)
 ParOldGen       total 132096K, used 77855K [0x00000000c0000000, 0x00000000c8100000, 0x00000000eab00000)
  object space 132096K, 58% used [0x00000000c0000000,0x00000000c4c07f80,0x00000000c8100000)
 Metaspace       used 6520K, capacity 7320K, committed 7680K, reserved 1056768K
  class space    used 614K, capacity 656K, committed 768K, reserved 1048576K
Event: 28,166 GC heap after
Heap after GC invocations=13 (full 2):
 PSYoungGen      total 273408K, used 51595K [0x00000000eab00000, 0x0000000100000000, 0x0000000100000000)
  eden space 221696K, 0% used [0x00000000eab00000,0x00000000eab00000,0x00000000f8380000)
  from space 51712K, 99% used [0x00000000f8380000,0x00000000fb5e2cd8,0x00000000fb600000)
  to   space 60928K, 0% used [0x00000000fc480000,0x00000000fc480000,0x0000000100000000)
 ParOldGen       total 132096K, used 86867K [0x00000000c0000000, 0x00000000c8100000, 0x00000000eab00000)
  object space 132096K, 65% used [0x00000000c0000000,0x00000000c54d4ed0,0x00000000c8100000)
 Metaspace       used 6520K, capacity 7320K, committed 7680K, reserved 1056768K
  class space    used 614K, capacity 656K, committed 768K, reserved 1048576K
}
Event: 28,816 GC heap before
{Heap before GC invocations=14 (full 2):
 PSYoungGen      total 273408K, used 273291K [0x00000000eab00000, 0x0000000100000000, 0x0000000100000000)
  eden space 221696K, 100% used [0x00000000eab00000,0x00000000f8380000,0x00000000f8380000)
  from space 51712K, 99% used [0x00000000f8380000,0x00000000fb5e2cd8,0x00000000fb600000)
  to   space 60928K, 0% used [0x00000000fc480000,0x00000000fc480000,0x0000000100000000)
 ParOldGen       total 132096K, used 86867K [0x00000000c0000000, 0x00000000c8100000, 0x00000000eab00000)
  object space 132096K, 65% used [0x00000000c0000000,0x00000000c54d4ed0,0x00000000c8100000)
 Metaspace       used 6528K, capacity 7320K, committed 7680K, reserved 1056768K
  class space    used 614K, capacity 656K, committed 768K, reserved 1048576K
Event: 29,105 GC heap after
Heap after GC invocations=14 (full 2):
 PSYoungGen      total 251392K, used 60901K [0x00000000eab00000, 0x0000000100000000, 0x0000000100000000)
  eden space 190464K, 0% used [0x00000000eab00000,0x00000000eab00000,0x00000000f6500000)
  from space 60928K, 99% used [0x00000000fc480000,0x00000000ffff9400,0x0000000100000000)
  to   space 79360K, 0% used [0x00000000f6500000,0x00000000f6500000,0x00000000fb280000)
 ParOldGen       total 132096K, used 107738K [0x00000000c0000000, 0x00000000c8100000, 0x00000000eab00000)
  object space 132096K, 81% used [0x00000000c0000000,0x00000000c69368a0,0x00000000c8100000)
 Metaspace       used 6528K, capacity 7320K, committed 7680K, reserved 1056768K
  class space    used 614K, capacity 656K, committed 768K, reserved 1048576K
}
Event: 29,105 GC heap before
{Heap before GC invocations=15 (full 3):
 PSYoungGen      total 251392K, used 60901K [0x00000000eab00000, 0x0000000100000000, 0x0000000100000000)
  eden space 190464K, 0% used [0x00000000eab00000,0x00000000eab00000,0x00000000f6500000)
  from space 60928K, 99% used [0x00000000fc480000,0x00000000ffff9400,0x0000000100000000)
  to   space 79360K, 0% used [0x00000000f6500000,0x00000000f6500000,0x00000000fb280000)
 ParOldGen       total 132096K, used 107738K [0x00000000c0000000, 0x00000000c8100000, 0x00000000eab00000)
  object space 132096K, 81% used [0x00000000c0000000,0x00000000c69368a0,0x00000000c8100000)
 Metaspace       used 6528K, capacity 7320K, committed 7680K, reserved 1056768K
  class space    used 614K, capacity 656K, committed 768K, reserved 1048576K
Event: 29,890 GC heap after
Heap after GC invocations=15 (full 3):
 PSYoungGen      total 251392K, used 33658K [0x00000000eab00000, 0x0000000100000000, 0x0000000100000000)
  eden space 190464K, 0% used [0x00000000eab00000,0x00000000eab00000,0x00000000f6500000)
  from space 60928K, 55% used [0x00000000fc480000,0x00000000fe55e968,0x0000000100000000)
  to   space 79360K, 0% used [0x00000000f6500000,0x00000000f6500000,0x00000000fb280000)
 ParOldGen       total 198144K, used 131845K [0x00000000c0000000, 0x00000000cc180000, 0x00000000eab00000)
  object space 198144K, 66% used [0x00000000c0000000,0x00000000c80c15b0,0x00000000cc180000)
 Metaspace       used 6528K, capacity 7320K, committed 7680K, reserved 1056768K
  class space    used 614K, capacity 656K, committed 768K, reserved 1048576K
}
Event: 30,526 GC heap before
{Heap before GC invocations=16 (full 3):
 PSYoungGen      total 251392K, used 224122K [0x00000000eab00000, 0x0000000100000000, 0x0000000100000000)
  eden space 190464K, 100% used [0x00000000eab00000,0x00000000f6500000,0x00000000f6500000)
  from space 60928K, 55% used [0x00000000fc480000,0x00000000fe55e968,0x0000000100000000)
  to   space 79360K, 0% used [0x00000000f6500000,0x00000000f6500000,0x00000000fb280000)
 ParOldGen       total 198144K, used 131845K [0x00000000c0000000, 0x00000000cc180000, 0x00000000eab00000)
  object space 198144K, 66% used [0x00000000c0000000,0x00000000c80c15b0,0x00000000cc180000)
 Metaspace       used 6532K, capacity 7320K, committed 7680K, reserved 1056768K
  class space    used 614K, capacity 656K, committed 768K, reserved 1048576K
Event: 30,680 GC heap after
Heap after GC invocations=16 (full 3):
 PSYoungGen      total 269824K, used 27726K [0x00000000eab00000, 0x0000000100000000, 0x0000000100000000)
  eden space 190464K, 0% used [0x00000000eab00000,0x00000000eab00000,0x00000000f6500000)
  from space 79360K, 34% used [0x00000000f6500000,0x00000000f8013b60,0x00000000fb280000)
  to   space 74240K, 0% used [0x00000000fb780000,0x00000000fb780000,0x0000000100000000)
 ParOldGen       total 198144K, used 165592K [0x00000000c0000000, 0x00000000cc180000, 0x00000000eab00000)
  object space 198144K, 83% used [0x00000000c0000000,0x00000000ca1b63b0,0x00000000cc180000)
 Metaspace       used 6532K, capacity 7320K, committed 7680K, reserved 1056768K
  class space    used 614K, capacity 656K, committed 768K, reserved 1048576K
}
Event: 30,680 GC heap before
{Heap before GC invocations=17 (full 4):
 PSYoungGen      total 269824K, used 27726K [0x00000000eab00000, 0x0000000100000000, 0x0000000100000000)
  eden space 190464K, 0% used [0x00000000eab00000,0x00000000eab00000,0x00000000f6500000)
  from space 79360K, 34% used [0x00000000f6500000,0x00000000f8013b60,0x00000000fb280000)
  to   space 74240K, 0% used [0x00000000fb780000,0x00000000fb780000,0x0000000100000000)
 ParOldGen       total 198144K, used 165592K [0x00000000c0000000, 0x00000000cc180000, 0x00000000eab00000)
  object space 198144K, 83% used [0x00000000c0000000,0x00000000ca1b63b0,0x00000000cc180000)
 Metaspace       used 6532K, capacity 7320K, committed 7680K, reserved 1056768K
  class space    used 614K, capacity 656K, committed 768K, reserved 1048576K

