# JRE version: Java(TM) SE Runtime Environment (8.0_66-b17) (build 1.8.0_66-b17)
# Java VM: Java HotSpot(TM) 64-Bit Server VM (25.66-b17 mixed mode linux-amd64 compressed oops)
Heap:
 PSYoungGen      total 266752K, used 29895K [0x00000000eab00000, 0x0000000100000000, 0x0000000100000000)
  eden space 208896K, 0% used [0x00000000eab00000,0x00000000eab00000,0x00000000f7700000)
  from space 57856K, 51% used [0x00000000fc780000,0x00000000fe4b1f60,0x0000000100000000)
  to   space 70144K, 0% used [0x00000000f7700000,0x00000000f7700000,0x00000000fbb80000)
 ParOldGen       total 212480K, used 212367K [0x00000000c0000000, 0x00000000ccf80000, 0x00000000eab00000)
  object space 212480K, 99% used [0x00000000c0000000,0x00000000ccf63d28,0x00000000ccf80000)
 Metaspace       used 6535K, capacity 7320K, committed 7680K, reserved 1056768K
  class space    used 614K, capacity 656K, committed 768K, reserved 1048576K
GC Heap History (10 events):
Event: 7,386 GC heap after
Heap after GC invocations=13 (full 2):
 PSYoungGen      total 280064K, used 36085K [0x00000000eab00000, 0x0000000100000000, 0x0000000100000000)
  eden space 243712K, 0% used [0x00000000eab00000,0x00000000eab00000,0x00000000f9900000)
  from space 36352K, 99% used [0x00000000f9900000,0x00000000fbc3d558,0x00000000fbc80000)
  to   space 55808K, 0% used [0x00000000fc980000,0x00000000fc980000,0x0000000100000000)
 ParOldGen       total 131584K, used 110276K [0x00000000c0000000, 0x00000000c8080000, 0x00000000eab00000)
  object space 131584K, 83% used [0x00000000c0000000,0x00000000c6bb1378,0x00000000c8080000)
 Metaspace       used 6499K, capacity 7256K, committed 7424K, reserved 1056768K
  class space    used 614K, capacity 656K, committed 768K, reserved 1048576K
}
Event: 7,386 GC heap before
{Heap before GC invocations=14 (full 3):
 PSYoungGen      total 280064K, used 36085K [0x00000000eab00000, 0x0000000100000000, 0x0000000100000000)
  eden space 243712K, 0% used [0x00000000eab00000,0x00000000eab00000,0x00000000f9900000)
  from space 36352K, 99% used [0x00000000f9900000,0x00000000fbc3d558,0x00000000fbc80000)
  to   space 55808K, 0% used [0x00000000fc980000,0x00000000fc980000,0x0000000100000000)
 ParOldGen       total 131584K, used 110276K [0x00000000c0000000, 0x00000000c8080000, 0x00000000eab00000)
  object space 131584K, 83% used [0x00000000c0000000,0x00000000c6bb1378,0x00000000c8080000)
 Metaspace       used 6499K, capacity 7256K, committed 7424K, reserved 1056768K
  class space    used 614K, capacity 656K, committed 768K, reserved 1048576K
Event: 8,255 GC heap after
Heap after GC invocations=14 (full 3):
 PSYoungGen      total 280064K, used 12312K [0x00000000eab00000, 0x0000000100000000, 0x0000000100000000)
  eden space 243712K, 0% used [0x00000000eab00000,0x00000000eab00000,0x00000000f9900000)
  from space 36352K, 33% used [0x00000000f9900000,0x00000000fa506200,0x00000000fbc80000)
  to   space 55808K, 0% used [0x00000000fc980000,0x00000000fc980000,0x0000000100000000)
 ParOldGen       total 205824K, used 131506K [0x00000000c0000000, 0x00000000cc900000, 0x00000000eab00000)
  object space 205824K, 63% used [0x00000000c0000000,0x00000000c806c950,0x00000000cc900000)
 Metaspace       used 6499K, capacity 7256K, committed 7424K, reserved 1056768K
  class space    used 614K, capacity 656K, committed 768K, reserved 1048576K
}
Event: 9,001 GC heap before
{Heap before GC invocations=15 (full 3):
 PSYoungGen      total 280064K, used 256024K [0x00000000eab00000, 0x0000000100000000, 0x0000000100000000)
  eden space 243712K, 100% used [0x00000000eab00000,0x00000000f9900000,0x00000000f9900000)
  from space 36352K, 33% used [0x00000000f9900000,0x00000000fa506200,0x00000000fbc80000)
  to   space 55808K, 0% used [0x00000000fc980000,0x00000000fc980000,0x0000000100000000)
 ParOldGen       total 205824K, used 131506K [0x00000000c0000000, 0x00000000cc900000, 0x00000000eab00000)
  object space 205824K, 63% used [0x00000000c0000000,0x00000000c806c950,0x00000000cc900000)
 Metaspace       used 6511K, capacity 7256K, committed 7424K, reserved 1056768K
  class space    used 614K, capacity 656K, committed 768K, reserved 1048576K
Event: 9,245 GC heap after
Heap after GC invocations=15 (full 3):
 PSYoungGen      total 289280K, used 34914K [0x00000000eab00000, 0x0000000100000000, 0x0000000100000000)
  eden space 233472K, 0% used [0x00000000eab00000,0x00000000eab00000,0x00000000f8f00000)
  from space 55808K, 62% used [0x00000000fc980000,0x00000000feb98970,0x0000000100000000)
  to   space 57856K, 0% used [0x00000000f8f00000,0x00000000f8f00000,0x00000000fc780000)
 ParOldGen       total 205824K, used 142318K [0x00000000c0000000, 0x00000000cc900000, 0x00000000eab00000)
  object space 205824K, 69% used [0x00000000c0000000,0x00000000c8afb9b8,0x00000000cc900000)
 Metaspace       used 6511K, capacity 7256K, committed 7424K, reserved 1056768K
  class space    used 614K, capacity 656K, committed 768K, reserved 1048576K
}
Event: 10,098 GC heap before
{Heap before GC invocations=16 (full 3):
 PSYoungGen      total 289280K, used 268386K [0x00000000eab00000, 0x0000000100000000, 0x0000000100000000)
  eden space 233472K, 100% used [0x00000000eab00000,0x00000000f8f00000,0x00000000f8f00000)
  from space 55808K, 62% used [0x00000000fc980000,0x00000000feb98970,0x0000000100000000)
  to   space 57856K, 0% used [0x00000000f8f00000,0x00000000f8f00000,0x00000000fc780000)
 ParOldGen       total 205824K, used 142318K [0x00000000c0000000, 0x00000000cc900000, 0x00000000eab00000)
  object space 205824K, 69% used [0x00000000c0000000,0x00000000c8afb9b8,0x00000000cc900000)
 Metaspace       used 6513K, capacity 7256K, committed 7424K, reserved 1056768K
  class space    used 614K, capacity 656K, committed 768K, reserved 1048576K
Event: 10,213 GC heap after
Heap after GC invocations=16 (full 3):
 PSYoungGen      total 291328K, used 57829K [0x00000000eab00000, 0x0000000100000000, 0x0000000100000000)
  eden space 233472K, 0% used [0x00000000eab00000,0x00000000eab00000,0x00000000f8f00000)
  from space 57856K, 99% used [0x00000000f8f00000,0x00000000fc779658,0x00000000fc780000)
  to   space 57856K, 0% used [0x00000000fc780000,0x00000000fc780000,0x0000000100000000)
 ParOldGen       total 205824K, used 154484K [0x00000000c0000000, 0x00000000cc900000, 0x00000000eab00000)
  object space 205824K, 75% used [0x00000000c0000000,0x00000000c96dd240,0x00000000cc900000)
 Metaspace       used 6513K, capacity 7256K, committed 7424K, reserved 1056768K
  class space    used 614K, capacity 656K, committed 768K, reserved 1048576K
}
Event: 10,934 GC heap before
{Heap before GC invocations=17 (full 3):
 PSYoungGen      total 291328K, used 291301K [0x00000000eab00000, 0x0000000100000000, 0x0000000100000000)
  eden space 233472K, 100% used [0x00000000eab00000,0x00000000f8f00000,0x00000000f8f00000)
  from space 57856K, 99% used [0x00000000f8f00000,0x00000000fc779658,0x00000000fc780000)
  to   space 57856K, 0% used [0x00000000fc780000,0x00000000fc780000,0x0000000100000000)
 ParOldGen       total 205824K, used 154484K [0x00000000c0000000, 0x00000000cc900000, 0x00000000eab00000)
  object space 205824K, 75% used [0x00000000c0000000,0x00000000c96dd240,0x00000000cc900000)
 Metaspace       used 6535K, capacity 7320K, committed 7680K, reserved 1056768K
  class space    used 614K, capacity 656K, committed 768K, reserved 1048576K
Event: 11,148 GC heap after
Heap after GC invocations=17 (full 3):
 PSYoungGen      total 266752K, used 33734K [0x00000000eab00000, 0x0000000100000000, 0x0000000100000000)
  eden space 208896K, 0% used [0x00000000eab00000,0x00000000eab00000,0x00000000f7700000)
  from space 57856K, 58% used [0x00000000fc780000,0x00000000fe871bf8,0x0000000100000000)
  to   space 70144K, 0% used [0x00000000f7700000,0x00000000f7700000,0x00000000fbb80000)
 ParOldGen       total 212480K, used 211942K [0x00000000c0000000, 0x00000000ccf80000, 0x00000000eab00000)
  object space 212480K, 99% used [0x00000000c0000000,0x00000000ccef99e8,0x00000000ccf80000)
 Metaspace       used 6535K, capacity 7320K, committed 7680K, reserved 1056768K
  class space    used 614K, capacity 656K, committed 768K, reserved 1048576K
}
Event: 11,148 GC heap before
{Heap before GC invocations=18 (full 4):
 PSYoungGen      total 266752K, used 33734K [0x00000000eab00000, 0x0000000100000000, 0x0000000100000000)
  eden space 208896K, 0% used [0x00000000eab00000,0x00000000eab00000,0x00000000f7700000)
  from space 57856K, 58% used [0x00000000fc780000,0x00000000fe871bf8,0x0000000100000000)
  to   space 70144K, 0% used [0x00000000f7700000,0x00000000f7700000,0x00000000fbb80000)
 ParOldGen       total 212480K, used 211942K [0x00000000c0000000, 0x00000000ccf80000, 0x00000000eab00000)
  object space 212480K, 99% used [0x00000000c0000000,0x00000000ccef99e8,0x00000000ccf80000)
 Metaspace       used 6535K, capacity 7320K, committed 7680K, reserved 1056768K
  class space    used 614K, capacity 656K, committed 768K, reserved 1048576K

