# JRE version: Java(TM) SE Runtime Environment (8.0_66-b17) (build 1.8.0_66-b17)
# Java VM: Java HotSpot(TM) 64-Bit Server VM (25.66-b17 mixed mode linux-amd64 compressed oops)
Heap:
 PSYoungGen      total 232960K, used 33783K [0x00000000eab00000, 0x0000000100000000, 0x0000000100000000)
  eden space 116736K, 0% used [0x00000000eab00000,0x00000000eab00000,0x00000000f1d00000)
  from space 116224K, 29% used [0x00000000f1d00000,0x00000000f3dfdfb0,0x00000000f8e80000)
  to   space 116224K, 0% used [0x00000000f8e80000,0x00000000f8e80000,0x0000000100000000)
 ParOldGen       total 224768K, used 224297K [0x00000000c0000000, 0x00000000cdb80000, 0x00000000eab00000)
  object space 224768K, 99% used [0x00000000c0000000,0x00000000cdb0a6b0,0x00000000cdb80000)
 Metaspace       used 6905K, capacity 7608K, committed 7936K, reserved 1056768K
  class space    used 634K, capacity 688K, committed 768K, reserved 1048576K
GC Heap History (10 events):
Event: 9,379 GC heap after
Heap after GC invocations=16 (full 3):
 PSYoungGen      total 263168K, used 60120K [0x00000000eab00000, 0x0000000100000000, 0x0000000100000000)
  eden space 202752K, 0% used [0x00000000eab00000,0x00000000eab00000,0x00000000f7100000)
  from space 60416K, 99% used [0x00000000f7100000,0x00000000fabb6208,0x00000000fac00000)
  to   space 81408K, 0% used [0x00000000fb080000,0x00000000fb080000,0x0000000100000000)
 ParOldGen       total 216576K, used 135797K [0x00000000c0000000, 0x00000000cd380000, 0x00000000eab00000)
  object space 216576K, 62% used [0x00000000c0000000,0x00000000c849d700,0x00000000cd380000)
 Metaspace       used 6549K, capacity 7320K, committed 7680K, reserved 1056768K
  class space    used 615K, capacity 656K, committed 768K, reserved 1048576K
}
Event: 9,965 GC heap before
{Heap before GC invocations=17 (full 3):
 PSYoungGen      total 263168K, used 262872K [0x00000000eab00000, 0x0000000100000000, 0x0000000100000000)
  eden space 202752K, 100% used [0x00000000eab00000,0x00000000f7100000,0x00000000f7100000)
  from space 60416K, 99% used [0x00000000f7100000,0x00000000fabb6208,0x00000000fac00000)
  to   space 81408K, 0% used [0x00000000fb080000,0x00000000fb080000,0x0000000100000000)
 ParOldGen       total 216576K, used 135797K [0x00000000c0000000, 0x00000000cd380000, 0x00000000eab00000)
  object space 216576K, 62% used [0x00000000c0000000,0x00000000c849d700,0x00000000cd380000)
 Metaspace       used 6565K, capacity 7320K, committed 7680K, reserved 1056768K
  class space    used 615K, capacity 656K, committed 768K, reserved 1048576K
Event: 10,072 GC heap after
Heap after GC invocations=17 (full 3):
 PSYoungGen      total 233984K, used 81407K [0x00000000eab00000, 0x0000000100000000, 0x0000000100000000)
  eden space 152576K, 0% used [0x00000000eab00000,0x00000000eab00000,0x00000000f4000000)
  from space 81408K, 99% used [0x00000000fb080000,0x00000000ffffffd0,0x0000000100000000)
  to   space 98304K, 0% used [0x00000000f4000000,0x00000000f4000000,0x00000000fa000000)
 ParOldGen       total 216576K, used 142956K [0x00000000c0000000, 0x00000000cd380000, 0x00000000eab00000)
  object space 216576K, 66% used [0x00000000c0000000,0x00000000c8b9b228,0x00000000cd380000)
 Metaspace       used 6565K, capacity 7320K, committed 7680K, reserved 1056768K
  class space    used 615K, capacity 656K, committed 768K, reserved 1048576K
}
Event: 10,615 GC heap before
{Heap before GC invocations=18 (full 3):
 PSYoungGen      total 233984K, used 233983K [0x00000000eab00000, 0x0000000100000000, 0x0000000100000000)
  eden space 152576K, 100% used [0x00000000eab00000,0x00000000f4000000,0x00000000f4000000)
  from space 81408K, 99% used [0x00000000fb080000,0x00000000ffffffd0,0x0000000100000000)
  to   space 98304K, 0% used [0x00000000f4000000,0x00000000f4000000,0x00000000fa000000)
 ParOldGen       total 216576K, used 142956K [0x00000000c0000000, 0x00000000cd380000, 0x00000000eab00000)
  object space 216576K, 66% used [0x00000000c0000000,0x00000000c8b9b228,0x00000000cd380000)
 Metaspace       used 6570K, capacity 7320K, committed 7680K, reserved 1056768K
  class space    used 615K, capacity 656K, committed 768K, reserved 1048576K
Event: 10,772 GC heap after
Heap after GC invocations=18 (full 3):
 PSYoungGen      total 228352K, used 75573K [0x00000000eab00000, 0x0000000100000000, 0x0000000100000000)
  eden space 152576K, 0% used [0x00000000eab00000,0x00000000eab00000,0x00000000f4000000)
  from space 75776K, 99% used [0x00000000f4000000,0x00000000f89cd660,0x00000000f8a00000)
  to   space 106496K, 0% used [0x00000000f9800000,0x00000000f9800000,0x0000000100000000)
 ParOldGen       total 216576K, used 173133K [0x00000000c0000000, 0x00000000cd380000, 0x00000000eab00000)
  object space 216576K, 79% used [0x00000000c0000000,0x00000000ca9134a8,0x00000000cd380000)
 Metaspace       used 6570K, capacity 7320K, committed 7680K, reserved 1056768K
  class space    used 615K, capacity 656K, committed 768K, reserved 1048576K
}
Event: 11,336 GC heap before
{Heap before GC invocations=19 (full 3):
 PSYoungGen      total 228352K, used 228149K [0x00000000eab00000, 0x0000000100000000, 0x0000000100000000)
  eden space 152576K, 100% used [0x00000000eab00000,0x00000000f4000000,0x00000000f4000000)
  from space 75776K, 99% used [0x00000000f4000000,0x00000000f89cd660,0x00000000f8a00000)
  to   space 106496K, 0% used [0x00000000f9800000,0x00000000f9800000,0x0000000100000000)
 ParOldGen       total 216576K, used 173133K [0x00000000c0000000, 0x00000000cd380000, 0x00000000eab00000)
  object space 216576K, 79% used [0x00000000c0000000,0x00000000ca9134a8,0x00000000cd380000)
 Metaspace       used 6571K, capacity 7320K, committed 7680K, reserved 1056768K
  class space    used 615K, capacity 656K, committed 768K, reserved 1048576K
Event: 11,433 GC heap after
Heap after GC invocations=19 (full 3):
 PSYoungGen      total 223232K, used 96868K [0x00000000eab00000, 0x0000000100000000, 0x0000000100000000)
  eden space 116736K, 0% used [0x00000000eab00000,0x00000000eab00000,0x00000000f1d00000)
  from space 106496K, 90% used [0x00000000f9800000,0x00000000ff699050,0x0000000100000000)
  to   space 116224K, 0% used [0x00000000f1d00000,0x00000000f1d00000,0x00000000f8e80000)
 ParOldGen       total 216576K, used 173133K [0x00000000c0000000, 0x00000000cd380000, 0x00000000eab00000)
  object space 216576K, 79% used [0x00000000c0000000,0x00000000ca9134a8,0x00000000cd380000)
 Metaspace       used 6571K, capacity 7320K, committed 7680K, reserved 1056768K
  class space    used 615K, capacity 656K, committed 768K, reserved 1048576K
}
Event: 13,057 GC heap before
{Heap before GC invocations=20 (full 3):
 PSYoungGen      total 223232K, used 213604K [0x00000000eab00000, 0x0000000100000000, 0x0000000100000000)
  eden space 116736K, 100% used [0x00000000eab00000,0x00000000f1d00000,0x00000000f1d00000)
  from space 106496K, 90% used [0x00000000f9800000,0x00000000ff699050,0x0000000100000000)
  to   space 116224K, 0% used [0x00000000f1d00000,0x00000000f1d00000,0x00000000f8e80000)
 ParOldGen       total 216576K, used 173133K [0x00000000c0000000, 0x00000000cd380000, 0x00000000eab00000)
  object space 216576K, 79% used [0x00000000c0000000,0x00000000ca9134a8,0x00000000cd380000)
 Metaspace       used 6905K, capacity 7608K, committed 7936K, reserved 1056768K
  class space    used 634K, capacity 688K, committed 768K, reserved 1048576K
Event: 13,247 GC heap after
Heap after GC invocations=20 (full 3):
 PSYoungGen      total 232960K, used 66437K [0x00000000eab00000, 0x0000000100000000, 0x0000000100000000)
  eden space 116736K, 0% used [0x00000000eab00000,0x00000000eab00000,0x00000000f1d00000)
  from space 116224K, 57% used [0x00000000f1d00000,0x00000000f5de1520,0x00000000f8e80000)
  to   space 116224K, 0% used [0x00000000f8e80000,0x00000000f8e80000,0x0000000100000000)
 ParOldGen       total 224768K, used 223965K [0x00000000c0000000, 0x00000000cdb80000, 0x00000000eab00000)
  object space 224768K, 99% used [0x00000000c0000000,0x00000000cdab7558,0x00000000cdb80000)
 Metaspace       used 6905K, capacity 7608K, committed 7936K, reserved 1056768K
  class space    used 634K, capacity 688K, committed 768K, reserved 1048576K
}
Event: 13,247 GC heap before
{Heap before GC invocations=21 (full 4):
 PSYoungGen      total 232960K, used 66437K [0x00000000eab00000, 0x0000000100000000, 0x0000000100000000)
  eden space 116736K, 0% used [0x00000000eab00000,0x00000000eab00000,0x00000000f1d00000)
  from space 116224K, 57% used [0x00000000f1d00000,0x00000000f5de1520,0x00000000f8e80000)
  to   space 116224K, 0% used [0x00000000f8e80000,0x00000000f8e80000,0x0000000100000000)
 ParOldGen       total 224768K, used 223965K [0x00000000c0000000, 0x00000000cdb80000, 0x00000000eab00000)
  object space 224768K, 99% used [0x00000000c0000000,0x00000000cdab7558,0x00000000cdb80000)
 Metaspace       used 6905K, capacity 7608K, committed 7936K, reserved 1056768K
  class space    used 634K, capacity 688K, committed 768K, reserved 1048576K

