# JRE version: Java(TM) SE Runtime Environment (8.0_66-b17) (build 1.8.0_66-b17)
# Java VM: Java HotSpot(TM) 64-Bit Server VM (25.66-b17 mixed mode linux-amd64 compressed oops)
Heap:
 PSYoungGen      total 268288K, used 27015K [0x00000000eab00000, 0x0000000100000000, 0x0000000100000000)
  eden space 203776K, 0% used [0x00000000eab00000,0x00000000eab00000,0x00000000f7200000)
  from space 64512K, 41% used [0x00000000fc100000,0x00000000fdb61c38,0x0000000100000000)
  to   space 72704K, 0% used [0x00000000f7200000,0x00000000f7200000,0x00000000fb900000)
 ParOldGen       total 138752K, used 138451K [0x00000000c0000000, 0x00000000c8780000, 0x00000000eab00000)
  object space 138752K, 99% used [0x00000000c0000000,0x00000000c8734e80,0x00000000c8780000)
 Metaspace       used 6539K, capacity 7320K, committed 7680K, reserved 1056768K
  class space    used 615K, capacity 656K, committed 768K, reserved 1048576K
GC Heap History (10 events):
Event: 3,713 GC heap after
Heap after GC invocations=10 (full 1):
 PSYoungGen      total 253952K, used 27119K [0x00000000eab00000, 0x00000000fcf80000, 0x0000000100000000)
  eden space 226816K, 0% used [0x00000000eab00000,0x00000000eab00000,0x00000000f8880000)
  from space 27136K, 99% used [0x00000000f8b80000,0x00000000fa5fbc00,0x00000000fa600000)
  to   space 36352K, 0% used [0x00000000fac00000,0x00000000fac00000,0x00000000fcf80000)
 ParOldGen       total 77824K, used 50404K [0x00000000c0000000, 0x00000000c4c00000, 0x00000000eab00000)
  object space 77824K, 64% used [0x00000000c0000000,0x00000000c31390e0,0x00000000c4c00000)
 Metaspace       used 6444K, capacity 7256K, committed 7424K, reserved 1056768K
  class space    used 615K, capacity 656K, committed 768K, reserved 1048576K
}
Event: 4,712 GC heap before
{Heap before GC invocations=11 (full 1):
 PSYoungGen      total 253952K, used 253935K [0x00000000eab00000, 0x00000000fcf80000, 0x0000000100000000)
  eden space 226816K, 100% used [0x00000000eab00000,0x00000000f8880000,0x00000000f8880000)
  from space 27136K, 99% used [0x00000000f8b80000,0x00000000fa5fbc00,0x00000000fa600000)
  to   space 36352K, 0% used [0x00000000fac00000,0x00000000fac00000,0x00000000fcf80000)
 ParOldGen       total 77824K, used 50404K [0x00000000c0000000, 0x00000000c4c00000, 0x00000000eab00000)
  object space 77824K, 64% used [0x00000000c0000000,0x00000000c31390e0,0x00000000c4c00000)
 Metaspace       used 6529K, capacity 7320K, committed 7680K, reserved 1056768K
  class space    used 615K, capacity 656K, committed 768K, reserved 1048576K
Event: 4,820 GC heap after
Heap after GC invocations=11 (full 1):
 PSYoungGen      total 247296K, used 36323K [0x00000000eab00000, 0x0000000100000000, 0x0000000100000000)
  eden space 210944K, 0% used [0x00000000eab00000,0x00000000eab00000,0x00000000f7900000)
  from space 36352K, 99% used [0x00000000fac00000,0x00000000fcf78df0,0x00000000fcf80000)
  to   space 52224K, 0% used [0x00000000f7900000,0x00000000f7900000,0x00000000fac00000)
 ParOldGen       total 77824K, used 75685K [0x00000000c0000000, 0x00000000c4c00000, 0x00000000eab00000)
  object space 77824K, 97% used [0x00000000c0000000,0x00000000c49e9410,0x00000000c4c00000)
 Metaspace       used 6529K, capacity 7320K, committed 7680K, reserved 1056768K
  class space    used 615K, capacity 656K, committed 768K, reserved 1048576K
}
Event: 4,821 GC heap before
{Heap before GC invocations=12 (full 2):
 PSYoungGen      total 247296K, used 36323K [0x00000000eab00000, 0x0000000100000000, 0x0000000100000000)
  eden space 210944K, 0% used [0x00000000eab00000,0x00000000eab00000,0x00000000f7900000)
  from space 36352K, 99% used [0x00000000fac00000,0x00000000fcf78df0,0x00000000fcf80000)
  to   space 52224K, 0% used [0x00000000f7900000,0x00000000f7900000,0x00000000fac00000)
 ParOldGen       total 77824K, used 75685K [0x00000000c0000000, 0x00000000c4c00000, 0x00000000eab00000)
  object space 77824K, 97% used [0x00000000c0000000,0x00000000c49e9410,0x00000000c4c00000)
 Metaspace       used 6529K, capacity 7320K, committed 7680K, reserved 1056768K
  class space    used 615K, capacity 656K, committed 768K, reserved 1048576K
Event: 5,456 GC heap after
Heap after GC invocations=12 (full 2):
 PSYoungGen      total 247296K, used 29890K [0x00000000eab00000, 0x0000000100000000, 0x0000000100000000)
  eden space 210944K, 0% used [0x00000000eab00000,0x00000000eab00000,0x00000000f7900000)
  from space 36352K, 82% used [0x00000000fac00000,0x00000000fc930938,0x00000000fcf80000)
  to   space 52224K, 0% used [0x00000000f7900000,0x00000000f7900000,0x00000000fac00000)
 ParOldGen       total 138752K, used 77442K [0x00000000c0000000, 0x00000000c8780000, 0x00000000eab00000)
  object space 138752K, 55% used [0x00000000c0000000,0x00000000c4ba0998,0x00000000c8780000)
 Metaspace       used 6529K, capacity 7320K, committed 7680K, reserved 1056768K
  class space    used 615K, capacity 656K, committed 768K, reserved 1048576K
}
Event: 6,164 GC heap before
{Heap before GC invocations=13 (full 2):
 PSYoungGen      total 247296K, used 240834K [0x00000000eab00000, 0x0000000100000000, 0x0000000100000000)
  eden space 210944K, 100% used [0x00000000eab00000,0x00000000f7900000,0x00000000f7900000)
  from space 36352K, 82% used [0x00000000fac00000,0x00000000fc930938,0x00000000fcf80000)
  to   space 52224K, 0% used [0x00000000f7900000,0x00000000f7900000,0x00000000fac00000)
 ParOldGen       total 138752K, used 77442K [0x00000000c0000000, 0x00000000c8780000, 0x00000000eab00000)
  object space 138752K, 55% used [0x00000000c0000000,0x00000000c4ba0998,0x00000000c8780000)
 Metaspace       used 6533K, capacity 7320K, committed 7680K, reserved 1056768K
  class space    used 615K, capacity 656K, committed 768K, reserved 1048576K
Event: 6,285 GC heap after
Heap after GC invocations=13 (full 2):
 PSYoungGen      total 263168K, used 52203K [0x00000000eab00000, 0x0000000100000000, 0x0000000100000000)
  eden space 210944K, 0% used [0x00000000eab00000,0x00000000eab00000,0x00000000f7900000)
  from space 52224K, 99% used [0x00000000f7900000,0x00000000fabfaeb8,0x00000000fac00000)
  to   space 64512K, 0% used [0x00000000fc100000,0x00000000fc100000,0x0000000100000000)
 ParOldGen       total 138752K, used 86027K [0x00000000c0000000, 0x00000000c8780000, 0x00000000eab00000)
  object space 138752K, 62% used [0x00000000c0000000,0x00000000c5402eb0,0x00000000c8780000)
 Metaspace       used 6533K, capacity 7320K, committed 7680K, reserved 1056768K
  class space    used 615K, capacity 656K, committed 768K, reserved 1048576K
}
Event: 6,961 GC heap before
{Heap before GC invocations=14 (full 2):
 PSYoungGen      total 263168K, used 263147K [0x00000000eab00000, 0x0000000100000000, 0x0000000100000000)
  eden space 210944K, 100% used [0x00000000eab00000,0x00000000f7900000,0x00000000f7900000)
  from space 52224K, 99% used [0x00000000f7900000,0x00000000fabfaeb8,0x00000000fac00000)
  to   space 64512K, 0% used [0x00000000fc100000,0x00000000fc100000,0x0000000100000000)
 ParOldGen       total 138752K, used 86027K [0x00000000c0000000, 0x00000000c8780000, 0x00000000eab00000)
  object space 138752K, 62% used [0x00000000c0000000,0x00000000c5402eb0,0x00000000c8780000)
 Metaspace       used 6539K, capacity 7320K, committed 7680K, reserved 1056768K
  class space    used 615K, capacity 656K, committed 768K, reserved 1048576K
Event: 7,149 GC heap after
Heap after GC invocations=14 (full 2):
 PSYoungGen      total 268288K, used 55453K [0x00000000eab00000, 0x0000000100000000, 0x0000000100000000)
  eden space 203776K, 0% used [0x00000000eab00000,0x00000000eab00000,0x00000000f7200000)
  from space 64512K, 85% used [0x00000000fc100000,0x00000000ff727658,0x0000000100000000)
  to   space 72704K, 0% used [0x00000000f7200000,0x00000000f7200000,0x00000000fb900000)
 ParOldGen       total 138752K, used 114462K [0x00000000c0000000, 0x00000000c8780000, 0x00000000eab00000)
  object space 138752K, 82% used [0x00000000c0000000,0x00000000c6fc7908,0x00000000c8780000)
 Metaspace       used 6539K, capacity 7320K, committed 7680K, reserved 1056768K
  class space    used 615K, capacity 656K, committed 768K, reserved 1048576K
}
Event: 7,149 GC heap before
{Heap before GC invocations=15 (full 3):
 PSYoungGen      total 268288K, used 55453K [0x00000000eab00000, 0x0000000100000000, 0x0000000100000000)
  eden space 203776K, 0% used [0x00000000eab00000,0x00000000eab00000,0x00000000f7200000)
  from space 64512K, 85% used [0x00000000fc100000,0x00000000ff727658,0x0000000100000000)
  to   space 72704K, 0% used [0x00000000f7200000,0x00000000f7200000,0x00000000fb900000)
 ParOldGen       total 138752K, used 114462K [0x00000000c0000000, 0x00000000c8780000, 0x00000000eab00000)
  object space 138752K, 82% used [0x00000000c0000000,0x00000000c6fc7908,0x00000000c8780000)
 Metaspace       used 6539K, capacity 7320K, committed 7680K, reserved 1056768K
  class space    used 615K, capacity 656K, committed 768K, reserved 1048576K

